# JRE version: Java(TM) SE Runtime Environment (21.0.7+8) (build 21.0.7+8-LTS-245)
# Java VM: Java HotSpot(TM) 64-Bit Server VM (21.0.7+8-LTS-245, mixed mode, sharing, tiered, compressed oops, compressed class ptrs, g1 gc, windows-amd64)
GC Precious Log:
 CardTable entry size: 512
 Card Set container configuration: InlinePtr #cards 5 size 8 Array Of Cards #cards 12 size 40 Howl #buckets 4 coarsen threshold 1843 Howl Bitmap #cards 512 size 80 coarsen threshold 460 Card regions per heap region 1 cards per card region 2048
 CPUs: 12 total, 12 available
 Memory: 7876M
 Large Page Support: Disabled
 NUMA Support: Disabled
 Compressed Oops: Enabled (32-bit)
 Heap Region Size: 1M
 Heap Min Capacity: 8M
 Heap Initial Capacity: 124M
 Heap Max Capacity: 2G
 Pre-touch: Disabled
 Parallel Workers: 10
 Concurrent Workers: 3
 Concurrent Refinement Workers: 10
 Periodic GC: Disabled
Heap:
 garbage-first heap   total 240640K, used 160230K [0x0000000080000000, 0x0000000100000000)
  region size 1024K, 7 young (7168K), 6 survivors (6144K)
 Metaspace       used 144744K, committed 147200K, reserved 1179648K
  class space    used 18917K, committed 20160K, reserved 1048576K
GC Heap History (20 events):
Event: 18.214 GC heap before
{Heap before GC invocations=28 (full 0):
 garbage-first heap   total 183296K, used 165070K [0x0000000080000000, 0x0000000100000000)
  region size 1024K, 56 young (57344K), 6 survivors (6144K)
 Metaspace       used 108695K, committed 110784K, reserved 1179648K
  class space    used 14345K, committed 15360K, reserved 1048576K
}
Event: 18.220 GC heap after
{Heap after GC invocations=29 (full 0):
 garbage-first heap   total 183296K, used 117683K [0x0000000080000000, 0x0000000100000000)
  region size 1024K, 4 young (4096K), 4 survivors (4096K)
 Metaspace       used 108695K, committed 110784K, reserved 1179648K
  class space    used 14345K, committed 15360K, reserved 1048576K
}
Event: 18.746 GC heap before
{Heap before GC invocations=30 (full 0):
 garbage-first heap   total 203776K, used 168883K [0x0000000080000000, 0x0000000100000000)
  region size 1024K, 52 young (53248K), 4 survivors (4096K)
 Metaspace       used 109125K, committed 111296K, reserved 1179648K
  class space    used 14368K, committed 15424K, reserved 1048576K
}
Event: 18.756 GC heap after
{Heap after GC invocations=31 (full 0):
 garbage-first heap   total 203776K, used 125191K [0x0000000080000000, 0x0000000100000000)
  region size 1024K, 7 young (7168K), 7 survivors (7168K)
 Metaspace       used 109125K, committed 111296K, reserved 1179648K
  class space    used 14368K, committed 15424K, reserved 1048576K
}
Event: 19.502 GC heap before
{Heap before GC invocations=31 (full 0):
 garbage-first heap   total 203776K, used 183559K [0x0000000080000000, 0x0000000100000000)
  region size 1024K, 64 young (65536K), 7 survivors (7168K)
 Metaspace       used 109575K, committed 111680K, reserved 1179648K
  class space    used 14390K, committed 15424K, reserved 1048576K
}
Event: 19.514 GC heap after
{Heap after GC invocations=32 (full 0):
 garbage-first heap   total 203776K, used 127699K [0x0000000080000000, 0x0000000100000000)
  region size 1024K, 6 young (6144K), 6 survivors (6144K)
 Metaspace       used 109575K, committed 111680K, reserved 1179648K
  class space    used 14390K, committed 15424K, reserved 1048576K
}
Event: 21.258 GC heap before
{Heap before GC invocations=32 (full 0):
 garbage-first heap   total 203776K, used 184019K [0x0000000080000000, 0x0000000100000000)
  region size 1024K, 61 young (62464K), 6 survivors (6144K)
 Metaspace       used 111806K, committed 113984K, reserved 1179648K
  class space    used 14544K, committed 15616K, reserved 1048576K
}
Event: 21.270 GC heap after
{Heap after GC invocations=33 (full 0):
 garbage-first heap   total 203776K, used 135454K [0x0000000080000000, 0x0000000100000000)
  region size 1024K, 8 young (8192K), 8 survivors (8192K)
 Metaspace       used 111806K, committed 113984K, reserved 1179648K
  class space    used 14544K, committed 15616K, reserved 1048576K
}
Event: 22.567 GC heap before
{Heap before GC invocations=34 (full 0):
 garbage-first heap   total 232448K, used 183582K [0x0000000080000000, 0x0000000100000000)
  region size 1024K, 54 young (55296K), 8 survivors (8192K)
 Metaspace       used 115148K, committed 117312K, reserved 1179648K
  class space    used 14878K, committed 15936K, reserved 1048576K
}
Event: 22.574 GC heap after
{Heap after GC invocations=35 (full 0):
 garbage-first heap   total 232448K, used 139526K [0x0000000080000000, 0x0000000100000000)
  region size 1024K, 5 young (5120K), 5 survivors (5120K)
 Metaspace       used 115148K, committed 117312K, reserved 1179648K
  class space    used 14878K, committed 15936K, reserved 1048576K
}
Event: 24.031 GC heap before
{Heap before GC invocations=35 (full 0):
 garbage-first heap   total 232448K, used 208134K [0x0000000080000000, 0x0000000100000000)
  region size 1024K, 72 young (73728K), 5 survivors (5120K)
 Metaspace       used 122150K, committed 124352K, reserved 1179648K
  class space    used 16042K, committed 17152K, reserved 1048576K
}
Event: 24.038 GC heap after
{Heap after GC invocations=36 (full 0):
 garbage-first heap   total 232448K, used 141300K [0x0000000080000000, 0x0000000100000000)
  region size 1024K, 8 young (8192K), 8 survivors (8192K)
 Metaspace       used 122150K, committed 124352K, reserved 1179648K
  class space    used 16042K, committed 17152K, reserved 1048576K
}
Event: 25.984 GC heap before
{Heap before GC invocations=36 (full 0):
 garbage-first heap   total 232448K, used 210932K [0x0000000080000000, 0x0000000100000000)
  region size 1024K, 76 young (77824K), 8 survivors (8192K)
 Metaspace       used 129178K, committed 131456K, reserved 1179648K
  class space    used 17043K, committed 18176K, reserved 1048576K
}
Event: 25.998 GC heap after
{Heap after GC invocations=37 (full 0):
 garbage-first heap   total 232448K, used 141116K [0x0000000080000000, 0x0000000100000000)
  region size 1024K, 9 young (9216K), 9 survivors (9216K)
 Metaspace       used 129178K, committed 131456K, reserved 1179648K
  class space    used 17043K, committed 18176K, reserved 1048576K
}
Event: 27.854 GC heap before
{Heap before GC invocations=38 (full 0):
 garbage-first heap   total 240640K, used 207676K [0x0000000080000000, 0x0000000100000000)
  region size 1024K, 75 young (76800K), 9 survivors (9216K)
 Metaspace       used 134206K, committed 136576K, reserved 1179648K
  class space    used 17701K, committed 18880K, reserved 1048576K
}
Event: 27.874 GC heap after
{Heap after GC invocations=39 (full 0):
 garbage-first heap   total 240640K, used 149492K [0x0000000080000000, 0x0000000100000000)
  region size 1024K, 10 young (10240K), 10 survivors (10240K)
 Metaspace       used 134206K, committed 136576K, reserved 1179648K
  class space    used 17701K, committed 18880K, reserved 1048576K
}
Event: 32.352 GC heap before
{Heap before GC invocations=39 (full 0):
 garbage-first heap   total 240640K, used 216052K [0x0000000080000000, 0x0000000100000000)
  region size 1024K, 76 young (77824K), 10 survivors (10240K)
 Metaspace       used 141787K, committed 144256K, reserved 1179648K
  class space    used 18607K, committed 19840K, reserved 1048576K
}
Event: 32.383 GC heap after
{Heap after GC invocations=40 (full 0):
 garbage-first heap   total 240640K, used 156868K [0x0000000080000000, 0x0000000100000000)
  region size 1024K, 9 young (9216K), 9 survivors (9216K)
 Metaspace       used 141787K, committed 144256K, reserved 1179648K
  class space    used 18607K, committed 19840K, reserved 1048576K
}
Event: 35.955 GC heap before
{Heap before GC invocations=40 (full 0):
 garbage-first heap   total 240640K, used 216260K [0x0000000080000000, 0x0000000100000000)
  region size 1024K, 68 young (69632K), 9 survivors (9216K)
 Metaspace       used 144781K, committed 147200K, reserved 1179648K
  class space    used 18925K, committed 20160K, reserved 1048576K
}
Event: 35.973 GC heap after
{Heap after GC invocations=41 (full 0):
 garbage-first heap   total 240640K, used 162278K [0x0000000080000000, 0x0000000100000000)
  region size 1024K, 6 young (6144K), 6 survivors (6144K)
 Metaspace       used 144781K, committed 147200K, reserved 1179648K
  class space    used 18925K, committed 20160K, reserved 1048576K
}

