# JRE version: Java(TM) SE Runtime Environment (21.0.7+8) (build 21.0.7+8-LTS-245)
# Java VM: Java HotSpot(TM) 64-Bit Server VM (21.0.7+8-LTS-245, mixed mode, sharing, tiered, compressed oops, compressed class ptrs, g1 gc, windows-amd64)
GC Precious Log:
 CardTable entry size: 512
 Card Set container configuration: InlinePtr #cards 5 size 8 Array Of Cards #cards 12 size 40 Howl #buckets 4 coarsen threshold 1843 Howl Bitmap #cards 512 size 80 coarsen threshold 460 Card regions per heap region 1 cards per card region 2048
 CPUs: 12 total, 12 available
 Memory: 7876M
 Large Page Support: Disabled
 NUMA Support: Disabled
 Compressed Oops: Enabled (32-bit)
 Heap Region Size: 1M
 Heap Min Capacity: 8M
 Heap Initial Capacity: 124M
 Heap Max Capacity: 2G
 Pre-touch: Disabled
 Parallel Workers: 10
 Concurrent Workers: 3
 Concurrent Refinement Workers: 10
 Periodic GC: Disabled
Heap:
 garbage-first heap   total 174080K, used 109072K [0x0000000080000000, 0x0000000100000000)
  region size 1024K, 8 young (8192K), 6 survivors (6144K)
 Metaspace       used 100809K, committed 102912K, reserved 1179648K
  class space    used 13376K, committed 14464K, reserved 1048576K
GC Heap History (20 events):
Event: 5.875 GC heap before
{Heap before GC invocations=12 (full 0):
 garbage-first heap   total 114688K, used 83795K [0x0000000080000000, 0x0000000100000000)
  region size 1024K, 36 young (36864K), 8 survivors (8192K)
 Metaspace       used 59062K, committed 60608K, reserved 1114112K
  class space    used 8567K, committed 9344K, reserved 1048576K
}
Event: 5.879 GC heap after
{Heap after GC invocations=13 (full 0):
 garbage-first heap   total 114688K, used 57442K [0x0000000080000000, 0x0000000100000000)
  region size 1024K, 2 young (2048K), 2 survivors (2048K)
 Metaspace       used 59062K, committed 60608K, reserved 1114112K
  class space    used 8567K, committed 9344K, reserved 1048576K
}
Event: 6.131 GC heap before
{Heap before GC invocations=14 (full 0):
 garbage-first heap   total 114688K, used 111714K [0x0000000080000000, 0x0000000100000000)
  region size 1024K, 44 young (45056K), 2 survivors (2048K)
 Metaspace       used 61803K, committed 63424K, reserved 1114112K
  class space    used 8905K, committed 9664K, reserved 1048576K
}
Event: 6.140 GC heap after
{Heap after GC invocations=15 (full 0):
 garbage-first heap   total 147456K, used 70917K [0x0000000080000000, 0x0000000100000000)
  region size 1024K, 6 young (6144K), 6 survivors (6144K)
 Metaspace       used 61803K, committed 63424K, reserved 1114112K
  class space    used 8905K, committed 9664K, reserved 1048576K
}
Event: 6.320 GC heap before
{Heap before GC invocations=15 (full 0):
 garbage-first heap   total 147456K, used 127237K [0x0000000080000000, 0x0000000100000000)
  region size 1024K, 61 young (62464K), 6 survivors (6144K)
 Metaspace       used 61854K, committed 63488K, reserved 1114112K
  class space    used 8905K, committed 9664K, reserved 1048576K
}
Event: 6.338 GC heap after
{Heap after GC invocations=16 (full 0):
 garbage-first heap   total 152576K, used 83472K [0x0000000080000000, 0x0000000100000000)
  region size 1024K, 8 young (8192K), 8 survivors (8192K)
 Metaspace       used 61854K, committed 63488K, reserved 1114112K
  class space    used 8905K, committed 9664K, reserved 1048576K
}
Event: 6.656 GC heap before
{Heap before GC invocations=16 (full 0):
 garbage-first heap   total 152576K, used 115216K [0x0000000080000000, 0x0000000100000000)
  region size 1024K, 40 young (40960K), 8 survivors (8192K)
 Metaspace       used 65760K, committed 67392K, reserved 1114112K
  class space    used 9352K, committed 10176K, reserved 1048576K
}
Event: 6.662 GC heap after
{Heap after GC invocations=17 (full 0):
 garbage-first heap   total 152576K, used 85795K [0x0000000080000000, 0x0000000100000000)
  region size 1024K, 2 young (2048K), 2 survivors (2048K)
 Metaspace       used 65760K, committed 67392K, reserved 1114112K
  class space    used 9352K, committed 10176K, reserved 1048576K
}
Event: 7.212 GC heap before
{Heap before GC invocations=18 (full 0):
 garbage-first heap   total 157696K, used 140067K [0x0000000080000000, 0x0000000100000000)
  region size 1024K, 45 young (46080K), 2 survivors (2048K)
 Metaspace       used 69922K, committed 71488K, reserved 1114112K
  class space    used 9725K, committed 10496K, reserved 1048576K
}
Event: 7.216 GC heap after
{Heap after GC invocations=19 (full 0):
 garbage-first heap   total 157696K, used 90339K [0x0000000080000000, 0x0000000100000000)
  region size 1024K, 6 young (6144K), 6 survivors (6144K)
 Metaspace       used 69922K, committed 71488K, reserved 1114112K
  class space    used 9725K, committed 10496K, reserved 1048576K
}
Event: 7.715 GC heap before
{Heap before GC invocations=19 (full 0):
 garbage-first heap   total 157696K, used 142563K [0x0000000080000000, 0x0000000100000000)
  region size 1024K, 52 young (53248K), 6 survivors (6144K)
 Metaspace       used 75757K, committed 77760K, reserved 1179648K
  class space    used 10461K, committed 11456K, reserved 1048576K
}
Event: 7.720 GC heap after
{Heap after GC invocations=20 (full 0):
 garbage-first heap   total 157696K, used 98910K [0x0000000080000000, 0x0000000100000000)
  region size 1024K, 5 young (5120K), 5 survivors (5120K)
 Metaspace       used 75757K, committed 77760K, reserved 1179648K
  class space    used 10461K, committed 11456K, reserved 1048576K
}
Event: 8.359 GC heap before
{Heap before GC invocations=20 (full 0):
 garbage-first heap   total 157696K, used 139870K [0x0000000080000000, 0x0000000100000000)
  region size 1024K, 45 young (46080K), 5 survivors (5120K)
 Metaspace       used 81975K, committed 83968K, reserved 1179648K
  class space    used 11226K, committed 12224K, reserved 1048576K
}
Event: 8.369 GC heap after
{Heap after GC invocations=21 (full 0):
 garbage-first heap   total 157696K, used 101176K [0x0000000080000000, 0x0000000100000000)
  region size 1024K, 3 young (3072K), 3 survivors (3072K)
 Metaspace       used 81975K, committed 83968K, reserved 1179648K
  class space    used 11226K, committed 12224K, reserved 1048576K
}
Event: 9.232 GC heap before
{Heap before GC invocations=22 (full 0):
 garbage-first heap   total 174080K, used 143160K [0x0000000080000000, 0x0000000100000000)
  region size 1024K, 43 young (44032K), 3 survivors (3072K)
 Metaspace       used 86663K, committed 88576K, reserved 1179648K
  class space    used 11751K, committed 12736K, reserved 1048576K
}
Event: 9.242 GC heap after
{Heap after GC invocations=23 (full 0):
 garbage-first heap   total 174080K, used 105137K [0x0000000080000000, 0x0000000100000000)
  region size 1024K, 6 young (6144K), 6 survivors (6144K)
 Metaspace       used 86663K, committed 88576K, reserved 1179648K
  class space    used 11751K, committed 12736K, reserved 1048576K
}
Event: 10.582 GC heap before
{Heap before GC invocations=23 (full 0):
 garbage-first heap   total 174080K, used 155313K [0x0000000080000000, 0x0000000100000000)
  region size 1024K, 56 young (57344K), 6 survivors (6144K)
 Metaspace       used 92578K, committed 94592K, reserved 1179648K
  class space    used 12413K, committed 13440K, reserved 1048576K
}
Event: 10.597 GC heap after
{Heap after GC invocations=24 (full 0):
 garbage-first heap   total 174080K, used 103774K [0x0000000080000000, 0x0000000100000000)
  region size 1024K, 3 young (3072K), 3 survivors (3072K)
 Metaspace       used 92578K, committed 94592K, reserved 1179648K
  class space    used 12413K, committed 13440K, reserved 1048576K
}
Event: 12.459 GC heap before
{Heap before GC invocations=24 (full 0):
 garbage-first heap   total 174080K, used 151902K [0x0000000080000000, 0x0000000100000000)
  region size 1024K, 51 young (52224K), 3 survivors (3072K)
 Metaspace       used 100809K, committed 102912K, reserved 1179648K
  class space    used 13376K, committed 14464K, reserved 1048576K
}
Event: 12.467 GC heap after
{Heap after GC invocations=25 (full 0):
 garbage-first heap   total 174080K, used 107024K [0x0000000080000000, 0x0000000100000000)
  region size 1024K, 6 young (6144K), 6 survivors (6144K)
 Metaspace       used 100809K, committed 102912K, reserved 1179648K
  class space    used 13376K, committed 14464K, reserved 1048576K
}

